<?xml version="1.0" encoding="UTF-8"?>
<!-- Generated by org.testng.reporters.JUnitReportReporter -->
<testsuite skipped="0" hostname="LAPTOP-2UATULQH" name="com.mycompany.qa.tests.NavigateFlightTest" tests="1" failures="0" timestamp="20 Mar 2019 03:12:19 GMT" time="81.982" errors="0">
  <testcase name="oneWayFlight" time="81.982" classname="com.mycompany.qa.tests.NavigateFlightTest"/>
</testsuite> <!-- com.mycompany.qa.tests.NavigateFlightTest -->
