<?xml version="1.0" encoding="UTF-8"?>
<!-- Generated by org.testng.reporters.JUnitReportReporter -->
<testsuite hostname="LAPTOP-TBJCGNHF" failures="0" tests="2" name="com.mycompany.tests.CallTests" time="52.836" errors="0" timestamp="2022-01-08T17:53:47 EST" skipped="0">
  <testcase classname="com.mycompany.tests.CallTests" name="loginFunction" time="27.130"/>
  <system-out/>
  <testcase classname="com.mycompany.tests.CallTests" name="loginFunction1" time="25.706"/>
  <system-out/>
</testsuite> <!-- com.mycompany.tests.CallTests -->
